Start testing: Jun 03 15:56 CEST
----------------------------------------------------------
1/2 Testing: test_howto
1/2 Test: test_howto
Command: "/bin/sh" "/home/anticitizen/gr-howto/build/lib/test_howto_test.sh"
Directory: /home/anticitizen/gr-howto/build/lib
"test_howto" start time: Jun 03 15:56 CEST
Output:
----------------------------------------------------------


<end of output>
Test time =   0.00 sec
----------------------------------------------------------
Test Passed.
"test_howto" end time: Jun 03 15:56 CEST
"test_howto" time elapsed: 00:00:00
----------------------------------------------------------

2/2 Testing: qa_square_ff
2/2 Test: qa_square_ff
Command: "/bin/sh" "/home/anticitizen/gr-howto/build/python/qa_square_ff_test.sh"
Directory: /home/anticitizen/gr-howto/build/python
"qa_square_ff" start time: Jun 03 15:56 CEST
Output:
----------------------------------------------------------
.
----------------------------------------------------------------------
Ran 1 test in 0.003s

OK
<end of output>
Test time =   0.29 sec
----------------------------------------------------------
Test Passed.
"qa_square_ff" end time: Jun 03 15:56 CEST
"qa_square_ff" time elapsed: 00:00:00
----------------------------------------------------------

End testing: Jun 03 15:56 CEST
